<?xml version="1.0" encoding="UTF-8"?>
<!-- Generated by org.testng.reporters.JUnitXMLReporter -->
<testsuite ignored="0" hostname="LAPTOP-G7QDOFAG" failures="0" tests="3" name="Test" time="54.272" errors="0" timestamp="2022-07-23T19:38:30 IST">
  <testcase classname="TestClasses.VeryfyUserCanLogin" name="veryfyUserCanLogin" time="9.5"/>
  <testcase classname="TestClasses.VeryfyUserCanAddNewAddress" name="verifyUserCanGoToProfilePage" time="7.298"/>
  <testcase classname="TestClasses.VeryfyUserCanAddNewAddress" name="veryUserCanAddAddress" time="4.364"/>
</testsuite> <!-- Test -->
