<?xml version="1.0" encoding="UTF-8"?>
<testng-results ignored="0" total="3" passed="3" failed="0" skipped="0">
  <reporter-output>
  </reporter-output>
  <suite started-at="2022-07-23T19:37:36 IST" name="Suite" finished-at="2022-07-23T19:38:30 IST" duration-ms="54272">
    <groups>
    </groups>
    <test started-at="2022-07-23T19:37:36 IST" name="Test" finished-at="2022-07-23T19:38:30 IST" duration-ms="54272">
      <class name="TestClasses.VeryfyUserCanAddNewAddress">
        <test-method is-config="true" signature="BeforClass()[pri:0, instance:TestClasses.VeryfyUserCanAddNewAddress@1aafa419]" started-at="2022-07-23T19:38:14 IST" name="BeforClass" finished-at="2022-07-23T19:38:17 IST" duration-ms="2436" status="PASS">
          <reporter-output>
          </reporter-output>
        </test-method> <!-- BeforClass -->
        <test-method is-config="true" signature="BeforMethod()[pri:0, instance:TestClasses.VeryfyUserCanAddNewAddress@1aafa419]" started-at="2022-07-23T19:38:17 IST" name="BeforMethod" finished-at="2022-07-23T19:38:17 IST" duration-ms="1" status="PASS">
          <reporter-output>
          </reporter-output>
        </test-method> <!-- BeforMethod -->
        <test-method signature="verifyUserCanGoToProfilePage()[pri:0, instance:TestClasses.VeryfyUserCanAddNewAddress@1aafa419]" started-at="2022-07-23T19:38:17 IST" name="verifyUserCanGoToProfilePage" finished-at="2022-07-23T19:38:24 IST" duration-ms="7298" status="PASS">
          <reporter-output>
          </reporter-output>
        </test-method> <!-- verifyUserCanGoToProfilePage -->
        <test-method is-config="true" signature="afterMethod(org.testng.ITestResult)[pri:0, instance:TestClasses.VeryfyUserCanAddNewAddress@1aafa419]" started-at="2022-07-23T19:38:24 IST" name="afterMethod" finished-at="2022-07-23T19:38:24 IST" duration-ms="110" status="PASS">
          <params>
            <param index="0">
              <value>
                <![CDATA[[TestResult name=verifyUserCanGoToProfilePage status=SUCCESS method=VeryfyUserCanAddNewAddress.verifyUserCanGoToProfilePage()[pri:0, instance:TestClasses.VeryfyUserCanAddNewAddress@1aafa419] output={null}]]]>
              </value>
            </param>
          </params>
          <reporter-output>
          </reporter-output>
        </test-method> <!-- afterMethod -->
        <test-method signature="veryUserCanAddAddress()[pri:1, instance:TestClasses.VeryfyUserCanAddNewAddress@1aafa419]" started-at="2022-07-23T19:38:24 IST" name="veryUserCanAddAddress" finished-at="2022-07-23T19:38:29 IST" duration-ms="4364" status="PASS">
          <reporter-output>
          </reporter-output>
        </test-method> <!-- veryUserCanAddAddress -->
        <test-method is-config="true" signature="BeforMethod()[pri:0, instance:TestClasses.VeryfyUserCanAddNewAddress@1aafa419]" started-at="2022-07-23T19:38:24 IST" name="BeforMethod" finished-at="2022-07-23T19:38:24 IST" duration-ms="0" status="PASS">
          <reporter-output>
          </reporter-output>
        </test-method> <!-- BeforMethod -->
        <test-method is-config="true" signature="afterMethod(org.testng.ITestResult)[pri:0, instance:TestClasses.VeryfyUserCanAddNewAddress@1aafa419]" started-at="2022-07-23T19:38:29 IST" name="afterMethod" finished-at="2022-07-23T19:38:29 IST" duration-ms="1" status="PASS">
          <params>
            <param index="0">
              <value>
                <![CDATA[[TestResult name=veryUserCanAddAddress status=SUCCESS method=VeryfyUserCanAddNewAddress.veryUserCanAddAddress()[pri:1, instance:TestClasses.VeryfyUserCanAddNewAddress@1aafa419] output={null}]]]>
              </value>
            </param>
          </params>
          <reporter-output>
          </reporter-output>
        </test-method> <!-- afterMethod -->
        <test-method is-config="true" signature="afterClass()[pri:0, instance:TestClasses.VeryfyUserCanAddNewAddress@1aafa419]" started-at="2022-07-23T19:38:29 IST" name="afterClass" finished-at="2022-07-23T19:38:30 IST" duration-ms="1781" status="PASS">
          <reporter-output>
          </reporter-output>
        </test-method> <!-- afterClass -->
      </class> <!-- TestClasses.VeryfyUserCanAddNewAddress -->
      <class name="TestClasses.VeryfyUserCanLogin">
        <test-method is-config="true" signature="beforeClass()[pri:0, instance:TestClasses.VeryfyUserCanLogin@459e9125]" started-at="2022-07-23T19:37:36 IST" name="beforeClass" finished-at="2022-07-23T19:38:04 IST" duration-ms="27796" status="PASS">
          <reporter-output>
          </reporter-output>
        </test-method> <!-- beforeClass -->
        <test-method is-config="true" signature="beforeMathod()[pri:0, instance:TestClasses.VeryfyUserCanLogin@459e9125]" started-at="2022-07-23T19:38:04 IST" name="beforeMathod" finished-at="2022-07-23T19:38:05 IST" duration-ms="505" status="PASS">
          <reporter-output>
          </reporter-output>
        </test-method> <!-- beforeMathod -->
        <test-method signature="veryfyUserCanLogin()[pri:0, instance:TestClasses.VeryfyUserCanLogin@459e9125]" started-at="2022-07-23T19:38:05 IST" name="veryfyUserCanLogin" finished-at="2022-07-23T19:38:14 IST" duration-ms="9500" status="PASS">
          <reporter-output>
          </reporter-output>
        </test-method> <!-- veryfyUserCanLogin -->
        <test-method is-config="true" signature="afterMethod()[pri:0, instance:TestClasses.VeryfyUserCanLogin@459e9125]" started-at="2022-07-23T19:38:14 IST" name="afterMethod" finished-at="2022-07-23T19:38:14 IST" duration-ms="0" status="PASS">
          <reporter-output>
          </reporter-output>
        </test-method> <!-- afterMethod -->
        <test-method is-config="true" signature="afterClass()[pri:0, instance:TestClasses.VeryfyUserCanLogin@459e9125]" started-at="2022-07-23T19:38:14 IST" name="afterClass" finished-at="2022-07-23T19:38:14 IST" duration-ms="0" status="PASS">
          <reporter-output>
          </reporter-output>
        </test-method> <!-- afterClass -->
      </class> <!-- TestClasses.VeryfyUserCanLogin -->
    </test> <!-- Test -->
  </suite> <!-- Suite -->
</testng-results>
